{"timestamp": "2026-01-12T08:07:11.190240Z", "level": "INFO", "logger": "app_logger", "module": "context_offloader", "function": "__init__", "line": 24, "message": "InMemoryContextOffloader initialized - chunk_size=2000", "trace_id": null, "request_id": null, "user_id_hash": null}
{"timestamp": "2026-01-12T08:07:11.192248Z", "level": "INFO", "logger": "app_logger", "module": "checkpointer", "function": "__init__", "line": 22, "message": "WindowedCheckpointer initialized with window_size=10", "trace_id": null, "request_id": null, "user_id_hash": null}
{"timestamp": "2026-01-12T08:07:11.192326Z", "level": "INFO", "logger": "app_logger", "module": "checkpointer", "function": "__init__", "line": 112, "message": "AdaptiveWindowedCheckpointer initialized - base_window=10, max_tokens=8000", "trace_id": null, "request_id": null, "user_id_hash": null}
{"timestamp": "2026-01-12T08:07:11.192370Z", "level": "INFO", "logger": "app_logger", "module": "graph", "function": "create_agent_graph", "line": 63, "message": "agent_graph_created - checkpointer=adaptive, window_size=10, max_tokens=1024", "trace_id": null, "request_id": null, "user_id_hash": null}
{"timestamp": "2026-01-12T08:07:11.195658Z", "level": "INFO", "logger": "app_logger", "module": "graph", "function": "create_agent_graph", "line": 76, "message": "agent_graph_compiled_with_tools_and_windowing", "trace_id": null, "request_id": null, "user_id_hash": null}
{"timestamp": "2026-01-12T08:08:29.942759Z", "level": "INFO", "logger": "app_logger", "module": "context_offloader", "function": "__init__", "line": 24, "message": "InMemoryContextOffloader initialized - chunk_size=2000", "trace_id": null, "request_id": null, "user_id_hash": null}
{"timestamp": "2026-01-12T08:08:29.944752Z", "level": "INFO", "logger": "app_logger", "module": "checkpointer", "function": "__init__", "line": 22, "message": "WindowedCheckpointer initialized with window_size=10", "trace_id": null, "request_id": null, "user_id_hash": null}
{"timestamp": "2026-01-12T08:08:29.944813Z", "level": "INFO", "logger": "app_logger", "module": "checkpointer", "function": "__init__", "line": 112, "message": "AdaptiveWindowedCheckpointer initialized - base_window=10, max_tokens=8000", "trace_id": null, "request_id": null, "user_id_hash": null}
{"timestamp": "2026-01-12T08:08:29.944854Z", "level": "INFO", "logger": "app_logger", "module": "graph", "function": "create_agent_graph", "line": 63, "message": "agent_graph_created - checkpointer=adaptive, window_size=10, max_tokens=1024", "trace_id": null, "request_id": null, "user_id_hash": null}
{"timestamp": "2026-01-12T08:08:29.947963Z", "level": "INFO", "logger": "app_logger", "module": "graph", "function": "create_agent_graph", "line": 76, "message": "agent_graph_compiled_with_tools_and_windowing", "trace_id": null, "request_id": null, "user_id_hash": null}
{"timestamp": "2026-01-12T08:13:29.467569Z", "level": "INFO", "logger": "app_logger", "module": "context_offloader", "function": "__init__", "line": 24, "message": "InMemoryContextOffloader initialized - chunk_size=2000", "trace_id": null, "request_id": null, "user_id_hash": null}
{"timestamp": "2026-01-12T08:13:29.469599Z", "level": "INFO", "logger": "app_logger", "module": "checkpointer", "function": "__init__", "line": 22, "message": "WindowedCheckpointer initialized with window_size=10", "trace_id": null, "request_id": null, "user_id_hash": null}
{"timestamp": "2026-01-12T08:13:29.469665Z", "level": "INFO", "logger": "app_logger", "module": "checkpointer", "function": "__init__", "line": 112, "message": "AdaptiveWindowedCheckpointer initialized - base_window=10, max_tokens=8000", "trace_id": null, "request_id": null, "user_id_hash": null}
{"timestamp": "2026-01-12T08:13:29.469706Z", "level": "INFO", "logger": "app_logger", "module": "graph", "function": "create_agent_graph", "line": 63, "message": "agent_graph_created - checkpointer=adaptive, window_size=10, max_tokens=1024", "trace_id": null, "request_id": null, "user_id_hash": null}
{"timestamp": "2026-01-12T08:13:29.473077Z", "level": "INFO", "logger": "app_logger", "module": "graph", "function": "create_agent_graph", "line": 76, "message": "agent_graph_compiled_with_tools_and_windowing", "trace_id": null, "request_id": null, "user_id_hash": null}
{"timestamp": "2026-01-12T09:14:27.250410Z", "level": "INFO", "logger": "app_logger", "module": "context_offloader", "function": "__init__", "line": 24, "message": "InMemoryContextOffloader initialized - chunk_size=2000", "trace_id": null, "request_id": null, "user_id_hash": null}
{"timestamp": "2026-01-12T09:14:27.252227Z", "level": "INFO", "logger": "app_logger", "module": "checkpointer", "function": "__init__", "line": 22, "message": "WindowedCheckpointer initialized with window_size=10", "trace_id": null, "request_id": null, "user_id_hash": null}
{"timestamp": "2026-01-12T09:14:27.252289Z", "level": "INFO", "logger": "app_logger", "module": "checkpointer", "function": "__init__", "line": 112, "message": "AdaptiveWindowedCheckpointer initialized - base_window=10, max_tokens=8000", "trace_id": null, "request_id": null, "user_id_hash": null}
{"timestamp": "2026-01-12T09:14:27.252331Z", "level": "INFO", "logger": "app_logger", "module": "graph", "function": "create_agent_graph", "line": 63, "message": "agent_graph_created - checkpointer=adaptive, window_size=10, max_tokens=1024", "trace_id": null, "request_id": null, "user_id_hash": null}
{"timestamp": "2026-01-12T09:14:27.255180Z", "level": "INFO", "logger": "app_logger", "module": "graph", "function": "create_agent_graph", "line": 76, "message": "agent_graph_compiled_with_tools_and_windowing", "trace_id": null, "request_id": null, "user_id_hash": null}
